# JRE version: Java(TM) SE Runtime Environment (8.0-b132) (build 1.8.0-b132)
# Java VM: Java HotSpot(TM) 64-Bit Server VM (25.0-b70 mixed mode windows-amd64 compressed oops)
Heap:
 PSYoungGen      total 112640K, used 52648K [0x00000000eab00000, 0x00000000f5b00000, 0x0000000100000000)
  eden space 97280K, 38% used [0x00000000eab00000,0x00000000ecf6cbd0,0x00000000f0a00000)
  from space 15360K, 99% used [0x00000000f0a00000,0x00000000f18fd640,0x00000000f1900000)
  to   space 22016K, 0% used [0x00000000f4580000,0x00000000f4580000,0x00000000f5b00000)
 ParOldGen       total 129536K, used 62299K [0x00000000c0000000, 0x00000000c7e80000, 0x00000000eab00000)
  object space 129536K, 48% used [0x00000000c0000000,0x00000000c3cd6e48,0x00000000c7e80000)
 Metaspace       used 6456K, capacity 7352K, committed 7680K, reserved 1056768K
  class space    used 633K, capacity 688K, committed 768K, reserved 1048576K
GC Heap History (10 events):
Event: 6.380 GC heap before
{Heap before GC invocations=17 (full 0):
 PSYoungGen      total 57856K, used 56704K [0x00000000eab00000, 0x00000000eeb80000, 0x0000000100000000)
  eden space 51200K, 100% used [0x00000000eab00000,0x00000000edd00000,0x00000000edd00000)
  from space 6656K, 82% used [0x00000000ee400000,0x00000000ee960000,0x00000000eea80000)
  to   space 7168K, 0% used [0x00000000edd00000,0x00000000edd00000,0x00000000ee400000)
 ParOldGen       total 129536K, used 19210K [0x00000000c0000000, 0x00000000c7e80000, 0x00000000eab00000)
  object space 129536K, 14% used [0x00000000c0000000,0x00000000c12c2ab8,0x00000000c7e80000)
 Metaspace       used 6046K, capacity 7024K, committed 7296K, reserved 1056768K
  class space    used 594K, capacity 616K, committed 640K, reserved 1048576K
Event: 6.460 GC heap after
Heap after GC invocations=17 (full 0):
 PSYoungGen      total 58368K, used 7136K [0x00000000eab00000, 0x00000000f0600000, 0x0000000100000000)
  eden space 51200K, 0% used [0x00000000eab00000,0x00000000eab00000,0x00000000edd00000)
  from space 7168K, 99% used [0x00000000edd00000,0x00000000ee3f8020,0x00000000ee400000)
  to   space 10752K, 0% used [0x00000000efb80000,0x00000000efb80000,0x00000000f0600000)
 ParOldGen       total 129536K, used 25489K [0x00000000c0000000, 0x00000000c7e80000, 0x00000000eab00000)
  object space 129536K, 19% used [0x00000000c0000000,0x00000000c18e4790,0x00000000c7e80000)
 Metaspace       used 6046K, capacity 7024K, committed 7296K, reserved 1056768K
  class space    used 594K, capacity 616K, committed 640K, reserved 1048576K
}
Event: 6.641 GC heap before
{Heap before GC invocations=18 (full 0):
 PSYoungGen      total 58368K, used 58336K [0x00000000eab00000, 0x00000000f0600000, 0x0000000100000000)
  eden space 51200K, 100% used [0x00000000eab00000,0x00000000edd00000,0x00000000edd00000)
  from space 7168K, 99% used [0x00000000edd00000,0x00000000ee3f8020,0x00000000ee400000)
  to   space 10752K, 0% used [0x00000000efb80000,0x00000000efb80000,0x00000000f0600000)
 ParOldGen       total 129536K, used 25489K [0x00000000c0000000, 0x00000000c7e80000, 0x00000000eab00000)
  object space 129536K, 19% used [0x00000000c0000000,0x00000000c18e4790,0x00000000c7e80000)
 Metaspace       used 6052K, capacity 7024K, committed 7296K, reserved 1056768K
  class space    used 594K, capacity 616K, committed 640K, reserved 1048576K
Event: 6.655 GC heap after
Heap after GC invocations=18 (full 0):
 PSYoungGen      total 80896K, used 8909K [0x00000000eab00000, 0x00000000f0900000, 0x0000000100000000)
  eden space 70144K, 0% used [0x00000000eab00000,0x00000000eab00000,0x00000000eef80000)
  from space 10752K, 82% used [0x00000000efb80000,0x00000000f0433760,0x00000000f0600000)
  to   space 12288K, 0% used [0x00000000eef80000,0x00000000eef80000,0x00000000efb80000)
 ParOldGen       total 129536K, used 32627K [0x00000000c0000000, 0x00000000c7e80000, 0x00000000eab00000)
  object space 129536K, 25% used [0x00000000c0000000,0x00000000c1fdcfb0,0x00000000c7e80000)
 Metaspace       used 6052K, capacity 7024K, committed 7296K, reserved 1056768K
  class space    used 594K, capacity 616K, committed 640K, reserved 1048576K
}
Event: 6.888 GC heap before
{Heap before GC invocations=19 (full 0):
 PSYoungGen      total 80896K, used 79053K [0x00000000eab00000, 0x00000000f0900000, 0x0000000100000000)
  eden space 70144K, 100% used [0x00000000eab00000,0x00000000eef80000,0x00000000eef80000)
  from space 10752K, 82% used [0x00000000efb80000,0x00000000f0433760,0x00000000f0600000)
  to   space 12288K, 0% used [0x00000000eef80000,0x00000000eef80000,0x00000000efb80000)
 ParOldGen       total 129536K, used 32627K [0x00000000c0000000, 0x00000000c7e80000, 0x00000000eab00000)
  object space 129536K, 25% used [0x00000000c0000000,0x00000000c1fdcfb0,0x00000000c7e80000)
 Metaspace       used 6166K, capacity 7064K, committed 7424K, reserved 1056768K
  class space    used 614K, capacity 656K, committed 768K, reserved 1048576K
Event: 6.926 GC heap after
Heap after GC invocations=19 (full 0):
 PSYoungGen      total 82432K, used 11488K [0x00000000eab00000, 0x00000000f2700000, 0x0000000100000000)
  eden space 70144K, 0% used [0x00000000eab00000,0x00000000eab00000,0x00000000eef80000)
  from space 12288K, 93% used [0x00000000eef80000,0x00000000efab8000,0x00000000efb80000)
  to   space 14336K, 0% used [0x00000000f1900000,0x00000000f1900000,0x00000000f2700000)
 ParOldGen       total 129536K, used 40829K [0x00000000c0000000, 0x00000000c7e80000, 0x00000000eab00000)
  object space 129536K, 31% used [0x00000000c0000000,0x00000000c27df488,0x00000000c7e80000)
 Metaspace       used 6166K, capacity 7064K, committed 7424K, reserved 1056768K
  class space    used 614K, capacity 656K, committed 768K, reserved 1048576K
}
Event: 7.215 GC heap before
{Heap before GC invocations=20 (full 0):
 PSYoungGen      total 82432K, used 81632K [0x00000000eab00000, 0x00000000f2700000, 0x0000000100000000)
  eden space 70144K, 100% used [0x00000000eab00000,0x00000000eef80000,0x00000000eef80000)
  from space 12288K, 93% used [0x00000000eef80000,0x00000000efab8000,0x00000000efb80000)
  to   space 14336K, 0% used [0x00000000f1900000,0x00000000f1900000,0x00000000f2700000)
 ParOldGen       total 129536K, used 40829K [0x00000000c0000000, 0x00000000c7e80000, 0x00000000eab00000)
  object space 129536K, 31% used [0x00000000c0000000,0x00000000c27df488,0x00000000c7e80000)
 Metaspace       used 6171K, capacity 7064K, committed 7424K, reserved 1056768K
  class space    used 614K, capacity 656K, committed 768K, reserved 1048576K
Event: 7.249 GC heap after
Heap after GC invocations=20 (full 0):
 PSYoungGen      total 111616K, used 11071K [0x00000000eab00000, 0x00000000f2900000, 0x0000000100000000)
  eden space 97280K, 0% used [0x00000000eab00000,0x00000000eab00000,0x00000000f0a00000)
  from space 14336K, 77% used [0x00000000f1900000,0x00000000f23cff98,0x00000000f2700000)
  to   space 15360K, 0% used [0x00000000f0a00000,0x00000000f0a00000,0x00000000f1900000)
 ParOldGen       total 129536K, used 51766K [0x00000000c0000000, 0x00000000c7e80000, 0x00000000eab00000)
  object space 129536K, 39% used [0x00000000c0000000,0x00000000c328d8b8,0x00000000c7e80000)
 Metaspace       used 6171K, capacity 7064K, committed 7424K, reserved 1056768K
  class space    used 614K, capacity 656K, committed 768K, reserved 1048576K
}
Event: 7.523 GC heap before
{Heap before GC invocations=21 (full 0):
 PSYoungGen      total 111616K, used 108351K [0x00000000eab00000, 0x00000000f2900000, 0x0000000100000000)
  eden space 97280K, 100% used [0x00000000eab00000,0x00000000f0a00000,0x00000000f0a00000)
  from space 14336K, 77% used [0x00000000f1900000,0x00000000f23cff98,0x00000000f2700000)
  to   space 15360K, 0% used [0x00000000f0a00000,0x00000000f0a00000,0x00000000f1900000)
 ParOldGen       total 129536K, used 51766K [0x00000000c0000000, 0x00000000c7e80000, 0x00000000eab00000)
  object space 129536K, 39% used [0x00000000c0000000,0x00000000c328d8b8,0x00000000c7e80000)
 Metaspace       used 6175K, capacity 7064K, committed 7424K, reserved 1056768K
  class space    used 614K, capacity 656K, committed 768K, reserved 1048576K
Event: 7.561 GC heap after
Heap after GC invocations=21 (full 0):
 PSYoungGen      total 112640K, used 15349K [0x00000000eab00000, 0x00000000f5b00000, 0x0000000100000000)
  eden space 97280K, 0% used [0x00000000eab00000,0x00000000eab00000,0x00000000f0a00000)
  from space 15360K, 99% used [0x00000000f0a00000,0x00000000f18fd640,0x00000000f1900000)
  to   space 22016K, 0% used [0x00000000f4580000,0x00000000f4580000,0x00000000f5b00000)
 ParOldGen       total 129536K, used 62299K [0x00000000c0000000, 0x00000000c7e80000, 0x00000000eab00000)
  object space 129536K, 48% used [0x00000000c0000000,0x00000000c3cd6e48,0x00000000c7e80000)
 Metaspace       used 6175K, capacity 7064K, committed 7424K, reserved 1056768K
  class space    used 614K, capacity 656K, committed 768K, reserved 1048576K
}

