# JRE version: Java(TM) SE Runtime Environment (8.0-b132) (build 1.8.0-b132)
# Java VM: Java HotSpot(TM) 64-Bit Server VM (25.0-b70 mixed mode windows-amd64 compressed oops)
Heap:
 PSYoungGen      total 14336K, used 3211K [0x00000000eab00000, 0x00000000ebb00000, 0x0000000100000000)
  eden space 12288K, 26% used [0x00000000eab00000,0x00000000eae22e98,0x00000000eb700000)
  from space 2048K, 0% used [0x00000000eb900000,0x00000000eb900000,0x00000000ebb00000)
  to   space 2048K, 0% used [0x00000000eb700000,0x00000000eb700000,0x00000000eb900000)
 ParOldGen       total 9216K, used 5975K [0x00000000c0000000, 0x00000000c0900000, 0x00000000eab00000)
  object space 9216K, 64% used [0x00000000c0000000,0x00000000c05d5c98,0x00000000c0900000)
 Metaspace       used 5763K, capacity 6832K, committed 7040K, reserved 1056768K
  class space    used 592K, capacity 616K, committed 640K, reserved 1048576K
GC Heap History (10 events):
Event: 0.559 GC heap before
{Heap before GC invocations=12 (full 1):
 PSYoungGen      total 7168K, used 7139K [0x00000000eab00000, 0x00000000eb500000, 0x0000000100000000)
  eden space 5632K, 100% used [0x00000000eab00000,0x00000000eb080000,0x00000000eb080000)
  from space 1536K, 98% used [0x00000000eb280000,0x00000000eb3f8e98,0x00000000eb400000)
  to   space 2048K, 0% used [0x00000000eb080000,0x00000000eb080000,0x00000000eb280000)
 ParOldGen       total 6656K, used 1782K [0x00000000c0000000, 0x00000000c0680000, 0x00000000eab00000)
  object space 6656K, 26% used [0x00000000c0000000,0x00000000c01bd950,0x00000000c0680000)
 Metaspace       used 5581K, capacity 6640K, committed 6784K, reserved 1056768K
  class space    used 591K, capacity 616K, committed 640K, reserved 1048576K
Event: 0.572 GC heap after
Heap after GC invocations=12 (full 1):
 PSYoungGen      total 7680K, used 1088K [0x00000000eab00000, 0x00000000eb700000, 0x0000000100000000)
  eden space 5632K, 0% used [0x00000000eab00000,0x00000000eab00000,0x00000000eb080000)
  from space 2048K, 53% used [0x00000000eb080000,0x00000000eb190000,0x00000000eb280000)
  to   space 2048K, 0% used [0x00000000eb500000,0x00000000eb500000,0x00000000eb700000)
 ParOldGen       total 6656K, used 2844K [0x00000000c0000000, 0x00000000c0680000, 0x00000000eab00000)
  object space 6656K, 42% used [0x00000000c0000000,0x00000000c02c7240,0x00000000c0680000)
 Metaspace       used 5581K, capacity 6640K, committed 6784K, reserved 1056768K
  class space    used 591K, capacity 616K, committed 640K, reserved 1048576K
}
Event: 0.666 GC heap before
{Heap before GC invocations=13 (full 1):
 PSYoungGen      total 7680K, used 6720K [0x00000000eab00000, 0x00000000eb700000, 0x0000000100000000)
  eden space 5632K, 100% used [0x00000000eab00000,0x00000000eb080000,0x00000000eb080000)
  from space 2048K, 53% used [0x00000000eb080000,0x00000000eb190000,0x00000000eb280000)
  to   space 2048K, 0% used [0x00000000eb500000,0x00000000eb500000,0x00000000eb700000)
 ParOldGen       total 6656K, used 2844K [0x00000000c0000000, 0x00000000c0680000, 0x00000000eab00000)
  object space 6656K, 42% used [0x00000000c0000000,0x00000000c02c7240,0x00000000c0680000)
 Metaspace       used 5623K, capacity 6704K, committed 6784K, reserved 1056768K
  class space    used 591K, capacity 616K, committed 640K, reserved 1048576K
Event: 0.672 GC heap after
Heap after GC invocations=13 (full 1):
 PSYoungGen      total 10240K, used 1184K [0x00000000eab00000, 0x00000000eb700000, 0x0000000100000000)
  eden space 8192K, 0% used [0x00000000eab00000,0x00000000eab00000,0x00000000eb300000)
  from space 2048K, 57% used [0x00000000eb500000,0x00000000eb628000,0x00000000eb700000)
  to   space 2048K, 0% used [0x00000000eb300000,0x00000000eb300000,0x00000000eb500000)
 ParOldGen       total 6656K, used 3763K [0x00000000c0000000, 0x00000000c0680000, 0x00000000eab00000)
  object space 6656K, 56% used [0x00000000c0000000,0x00000000c03acef8,0x00000000c0680000)
 Metaspace       used 5623K, capacity 6704K, committed 6784K, reserved 1056768K
  class space    used 591K, capacity 616K, committed 640K, reserved 1048576K
}
Event: 0.785 GC heap before
{Heap before GC invocations=14 (full 1):
 PSYoungGen      total 10240K, used 9376K [0x00000000eab00000, 0x00000000eb700000, 0x0000000100000000)
  eden space 8192K, 100% used [0x00000000eab00000,0x00000000eb300000,0x00000000eb300000)
  from space 2048K, 57% used [0x00000000eb500000,0x00000000eb628000,0x00000000eb700000)
  to   space 2048K, 0% used [0x00000000eb300000,0x00000000eb300000,0x00000000eb500000)
 ParOldGen       total 6656K, used 3763K [0x00000000c0000000, 0x00000000c0680000, 0x00000000eab00000)
  object space 6656K, 56% used [0x00000000c0000000,0x00000000c03acef8,0x00000000c0680000)
 Metaspace       used 5703K, capacity 6768K, committed 7040K, reserved 1056768K
  class space    used 592K, capacity 616K, committed 640K, reserved 1048576K
Event: 0.834 GC heap after
Heap after GC invocations=14 (full 1):
 PSYoungGen      total 10240K, used 1629K [0x00000000eab00000, 0x00000000ebb00000, 0x0000000100000000)
  eden space 8192K, 0% used [0x00000000eab00000,0x00000000eab00000,0x00000000eb300000)
  from space 2048K, 79% used [0x00000000eb300000,0x00000000eb4974d0,0x00000000eb500000)
  to   space 2048K, 0% used [0x00000000eb900000,0x00000000eb900000,0x00000000ebb00000)
 ParOldGen       total 6656K, used 4765K [0x00000000c0000000, 0x00000000c0680000, 0x00000000eab00000)
  object space 6656K, 71% used [0x00000000c0000000,0x00000000c04a7628,0x00000000c0680000)
 Metaspace       used 5703K, capacity 6768K, committed 7040K, reserved 1056768K
  class space    used 592K, capacity 616K, committed 640K, reserved 1048576K
}
Event: 0.904 GC heap before
{Heap before GC invocations=15 (full 1):
 PSYoungGen      total 10240K, used 9821K [0x00000000eab00000, 0x00000000ebb00000, 0x0000000100000000)
  eden space 8192K, 100% used [0x00000000eab00000,0x00000000eb300000,0x00000000eb300000)
  from space 2048K, 79% used [0x00000000eb300000,0x00000000eb4974d0,0x00000000eb500000)
  to   space 2048K, 0% used [0x00000000eb900000,0x00000000eb900000,0x00000000ebb00000)
 ParOldGen       total 6656K, used 4765K [0x00000000c0000000, 0x00000000c0680000, 0x00000000eab00000)
  object space 6656K, 71% used [0x00000000c0000000,0x00000000c04a7628,0x00000000c0680000)
 Metaspace       used 5751K, capacity 6768K, committed 7040K, reserved 1056768K
  class space    used 592K, capacity 616K, committed 640K, reserved 1048576K
Event: 0.964 GC heap after
Heap after GC invocations=15 (full 1):
 PSYoungGen      total 14336K, used 1216K [0x00000000eab00000, 0x00000000ebb00000, 0x0000000100000000)
  eden space 12288K, 0% used [0x00000000eab00000,0x00000000eab00000,0x00000000eb700000)
  from space 2048K, 59% used [0x00000000eb900000,0x00000000eba30000,0x00000000ebb00000)
  to   space 2048K, 0% used [0x00000000eb700000,0x00000000eb700000,0x00000000eb900000)
 ParOldGen       total 6656K, used 6165K [0x00000000c0000000, 0x00000000c0680000, 0x00000000eab00000)
  object space 6656K, 92% used [0x00000000c0000000,0x00000000c0605528,0x00000000c0680000)
 Metaspace       used 5751K, capacity 6768K, committed 7040K, reserved 1056768K
  class space    used 592K, capacity 616K, committed 640K, reserved 1048576K
}
Event: 0.964 GC heap before
{Heap before GC invocations=16 (full 2):
 PSYoungGen      total 14336K, used 1216K [0x00000000eab00000, 0x00000000ebb00000, 0x0000000100000000)
  eden space 12288K, 0% used [0x00000000eab00000,0x00000000eab00000,0x00000000eb700000)
  from space 2048K, 59% used [0x00000000eb900000,0x00000000eba30000,0x00000000ebb00000)
  to   space 2048K, 0% used [0x00000000eb700000,0x00000000eb700000,0x00000000eb900000)
 ParOldGen       total 6656K, used 6165K [0x00000000c0000000, 0x00000000c0680000, 0x00000000eab00000)
  object space 6656K, 92% used [0x00000000c0000000,0x00000000c0605528,0x00000000c0680000)
 Metaspace       used 5751K, capacity 6768K, committed 7040K, reserved 1056768K
  class space    used 592K, capacity 616K, committed 640K, reserved 1048576K
Event: 1.082 GC heap after
Heap after GC invocations=16 (full 2):
 PSYoungGen      total 14336K, used 0K [0x00000000eab00000, 0x00000000ebb00000, 0x0000000100000000)
  eden space 12288K, 0% used [0x00000000eab00000,0x00000000eab00000,0x00000000eb700000)
  from space 2048K, 0% used [0x00000000eb900000,0x00000000eb900000,0x00000000ebb00000)
  to   space 2048K, 0% used [0x00000000eb700000,0x00000000eb700000,0x00000000eb900000)
 ParOldGen       total 9216K, used 5975K [0x00000000c0000000, 0x00000000c0900000, 0x00000000eab00000)
  object space 9216K, 64% used [0x00000000c0000000,0x00000000c05d5c98,0x00000000c0900000)
 Metaspace       used 5751K, capacity 6768K, committed 7040K, reserved 1056768K
  class space    used 592K, capacity 616K, committed 640K, reserved 1048576K
}

