# JRE version: Java(TM) SE Runtime Environment (8.0-b132) (build 1.8.0-b132)
# Java VM: Java HotSpot(TM) 64-Bit Server VM (25.0-b70 mixed mode windows-amd64 compressed oops)
Heap:
 PSYoungGen      total 5632K, used 2658K [0x00000000eab00000, 0x00000000eb200000, 0x0000000100000000)
  eden space 4096K, 29% used [0x00000000eab00000,0x00000000eac2dad8,0x00000000eaf00000)
  from space 1536K, 94% used [0x00000000eb080000,0x00000000eb1eb0a8,0x00000000eb200000)
  to   space 1536K, 0% used [0x00000000eaf00000,0x00000000eaf00000,0x00000000eb080000)
 ParOldGen       total 129536K, used 1491K [0x00000000c0000000, 0x00000000c7e80000, 0x00000000eab00000)
  object space 129536K, 1% used [0x00000000c0000000,0x00000000c0174fa8,0x00000000c7e80000)
 Metaspace       used 5344K, capacity 6512K, committed 6784K, reserved 1058816K
  class space    used 586K, capacity 616K, committed 640K, reserved 1048576K
GC Heap History (10 events):
Event: 0.249 GC heap before
{Heap before GC invocations=4 (full 0):
 PSYoungGen      total 1536K, used 1507K [0x00000000eab00000, 0x00000000ead00000, 0x0000000100000000)
  eden space 1024K, 100% used [0x00000000eab00000,0x00000000eac00000,0x00000000eac00000)
  from space 512K, 94% used [0x00000000eac00000,0x00000000eac78e40,0x00000000eac80000)
  to   space 512K, 0% used [0x00000000eac80000,0x00000000eac80000,0x00000000ead00000)
 ParOldGen       total 129536K, used 437K [0x00000000c0000000, 0x00000000c7e80000, 0x00000000eab00000)
  object space 129536K, 0% used [0x00000000c0000000,0x00000000c006d720,0x00000000c7e80000)
 Metaspace       used 3773K, capacity 5040K, committed 5120K, reserved 1056768K
  class space    used 431K, capacity 488K, committed 512K, reserved 1048576K
Event: 0.259 GC heap after
Heap after GC invocations=4 (full 0):
 PSYoungGen      total 1536K, used 480K [0x00000000eab00000, 0x00000000ead00000, 0x0000000100000000)
  eden space 1024K, 0% used [0x00000000eab00000,0x00000000eab00000,0x00000000eac00000)
  from space 512K, 93% used [0x00000000eac80000,0x00000000eacf8020,0x00000000ead00000)
  to   space 512K, 0% used [0x00000000eac00000,0x00000000eac00000,0x00000000eac80000)
 ParOldGen       total 129536K, used 783K [0x00000000c0000000, 0x00000000c7e80000, 0x00000000eab00000)
  object space 129536K, 0% used [0x00000000c0000000,0x00000000c00c3f18,0x00000000c7e80000)
 Metaspace       used 3773K, capacity 5040K, committed 5120K, reserved 1056768K
  class space    used 431K, capacity 488K, committed 512K, reserved 1048576K
}
Event: 0.280 GC heap before
{Heap before GC invocations=5 (full 0):
 PSYoungGen      total 1536K, used 1498K [0x00000000eab00000, 0x00000000ead00000, 0x0000000100000000)
  eden space 1024K, 99% used [0x00000000eab00000,0x00000000eabfeab0,0x00000000eac00000)
  from space 512K, 93% used [0x00000000eac80000,0x00000000eacf8020,0x00000000ead00000)
  to   space 512K, 0% used [0x00000000eac00000,0x00000000eac00000,0x00000000eac80000)
 ParOldGen       total 129536K, used 783K [0x00000000c0000000, 0x00000000c7e80000, 0x00000000eab00000)
  object space 129536K, 0% used [0x00000000c0000000,0x00000000c00c3f18,0x00000000c7e80000)
 Metaspace       used 3991K, capacity 5232K, committed 5376K, reserved 1058816K
  class space    used 453K, capacity 488K, committed 512K, reserved 1048576K
Event: 0.284 GC heap after
Heap after GC invocations=5 (full 0):
 PSYoungGen      total 1536K, used 512K [0x00000000eab00000, 0x00000000eb000000, 0x0000000100000000)
  eden space 1024K, 0% used [0x00000000eab00000,0x00000000eab00000,0x00000000eac00000)
  from space 512K, 100% used [0x00000000eac00000,0x00000000eac80000,0x00000000eac80000)
  to   space 1536K, 0% used [0x00000000eae80000,0x00000000eae80000,0x00000000eb000000)
 ParOldGen       total 129536K, used 1131K [0x00000000c0000000, 0x00000000c7e80000, 0x00000000eab00000)
  object space 129536K, 0% used [0x00000000c0000000,0x00000000c011af48,0x00000000c7e80000)
 Metaspace       used 3991K, capacity 5232K, committed 5376K, reserved 1058816K
  class space    used 453K, capacity 488K, committed 512K, reserved 1048576K
}
Event: 0.301 GC heap before
{Heap before GC invocations=6 (full 0):
 PSYoungGen      total 1536K, used 1536K [0x00000000eab00000, 0x00000000eb000000, 0x0000000100000000)
  eden space 1024K, 100% used [0x00000000eab00000,0x00000000eac00000,0x00000000eac00000)
  from space 512K, 100% used [0x00000000eac00000,0x00000000eac80000,0x00000000eac80000)
  to   space 1536K, 0% used [0x00000000eae80000,0x00000000eae80000,0x00000000eb000000)
 ParOldGen       total 129536K, used 1131K [0x00000000c0000000, 0x00000000c7e80000, 0x00000000eab00000)
  object space 129536K, 0% used [0x00000000c0000000,0x00000000c011af48,0x00000000c7e80000)
 Metaspace       used 4219K, capacity 5456K, committed 5760K, reserved 1058816K
  class space    used 479K, capacity 520K, committed 640K, reserved 1048576K
Event: 0.307 GC heap after
Heap after GC invocations=6 (full 0):
 PSYoungGen      total 3584K, used 919K [0x00000000eab00000, 0x00000000eb000000, 0x0000000100000000)
  eden space 2048K, 0% used [0x00000000eab00000,0x00000000eab00000,0x00000000ead00000)
  from space 1536K, 59% used [0x00000000eae80000,0x00000000eaf65d08,0x00000000eb000000)
  to   space 1536K, 0% used [0x00000000ead00000,0x00000000ead00000,0x00000000eae80000)
 ParOldGen       total 129536K, used 1131K [0x00000000c0000000, 0x00000000c7e80000, 0x00000000eab00000)
  object space 129536K, 0% used [0x00000000c0000000,0x00000000c011af48,0x00000000c7e80000)
 Metaspace       used 4219K, capacity 5456K, committed 5760K, reserved 1058816K
  class space    used 479K, capacity 520K, committed 640K, reserved 1048576K
}
Event: 0.369 GC heap before
{Heap before GC invocations=7 (full 0):
 PSYoungGen      total 3584K, used 2967K [0x00000000eab00000, 0x00000000eb000000, 0x0000000100000000)
  eden space 2048K, 99% used [0x00000000eab00000,0x00000000eacfff58,0x00000000ead00000)
  from space 1536K, 59% used [0x00000000eae80000,0x00000000eaf65d08,0x00000000eb000000)
  to   space 1536K, 0% used [0x00000000ead00000,0x00000000ead00000,0x00000000eae80000)
 ParOldGen       total 129536K, used 1131K [0x00000000c0000000, 0x00000000c7e80000, 0x00000000eab00000)
  object space 129536K, 0% used [0x00000000c0000000,0x00000000c011af48,0x00000000c7e80000)
 Metaspace       used 4742K, capacity 5936K, committed 6272K, reserved 1058816K
  class space    used 530K, capacity 552K, committed 640K, reserved 1048576K
Event: 0.384 GC heap after
Heap after GC invocations=7 (full 0):
 PSYoungGen      total 3584K, used 1246K [0x00000000eab00000, 0x00000000eb200000, 0x0000000100000000)
  eden space 2048K, 0% used [0x00000000eab00000,0x00000000eab00000,0x00000000ead00000)
  from space 1536K, 81% used [0x00000000ead00000,0x00000000eae37b70,0x00000000eae80000)
  to   space 1536K, 0% used [0x00000000eb080000,0x00000000eb080000,0x00000000eb200000)
 ParOldGen       total 129536K, used 1347K [0x00000000c0000000, 0x00000000c7e80000, 0x00000000eab00000)
  object space 129536K, 1% used [0x00000000c0000000,0x00000000c0150f88,0x00000000c7e80000)
 Metaspace       used 4742K, capacity 5936K, committed 6272K, reserved 1058816K
  class space    used 530K, capacity 552K, committed 640K, reserved 1048576K
}
Event: 0.433 GC heap before
{Heap before GC invocations=8 (full 0):
 PSYoungGen      total 3584K, used 3294K [0x00000000eab00000, 0x00000000eb200000, 0x0000000100000000)
  eden space 2048K, 100% used [0x00000000eab00000,0x00000000ead00000,0x00000000ead00000)
  from space 1536K, 81% used [0x00000000ead00000,0x00000000eae37b70,0x00000000eae80000)
  to   space 1536K, 0% used [0x00000000eb080000,0x00000000eb080000,0x00000000eb200000)
 ParOldGen       total 129536K, used 1347K [0x00000000c0000000, 0x00000000c7e80000, 0x00000000eab00000)
  object space 129536K, 1% used [0x00000000c0000000,0x00000000c0150f88,0x00000000c7e80000)
 Metaspace       used 5257K, capacity 6384K, committed 6528K, reserved 1058816K
  class space    used 583K, capacity 616K, committed 640K, reserved 1048576K
Event: 0.436 GC heap after
Heap after GC invocations=8 (full 0):
 PSYoungGen      total 5632K, used 1452K [0x00000000eab00000, 0x00000000eb200000, 0x0000000100000000)
  eden space 4096K, 0% used [0x00000000eab00000,0x00000000eab00000,0x00000000eaf00000)
  from space 1536K, 94% used [0x00000000eb080000,0x00000000eb1eb0a8,0x00000000eb200000)
  to   space 1536K, 0% used [0x00000000eaf00000,0x00000000eaf00000,0x00000000eb080000)
 ParOldGen       total 129536K, used 1491K [0x00000000c0000000, 0x00000000c7e80000, 0x00000000eab00000)
  object space 129536K, 1% used [0x00000000c0000000,0x00000000c0174fa8,0x00000000c7e80000)
 Metaspace       used 5257K, capacity 6384K, committed 6528K, reserved 1058816K
  class space    used 583K, capacity 616K, committed 640K, reserved 1048576K
}

